<?xml version="1.0" encoding="UTF-8"?>
<testsuite name="nicebank.CukesTest" tests="0" skipped="0" failures="0" errors="0" timestamp="1970-01-01T00:00:00" hostname="Juans-MacBook-Pro-2.local" time="0.0">
  <properties/>
  <system-out><![CDATA[Feature: Cash Withdrawal

  Scenario: Successful Withdrawal from an account in credit ?[90m# nicebank/cash_withdrawal.feature:2?[0m
    ?[32mGiven ?[0m?[32mI have deposited $?[0m?[32m?[1m100.00?[0m?[32m in my account?[0m            ?[90m# Steps.iHaveDeposited$InMyAccount(Money)?[0m
    ?[33mWhen ?[0m?[33mI request $?[0m?[33m?[1m20?[0m                                      ?[90m# Steps.iRequest$(int)?[0m
      ?[31mcucumber.api.PendingException: TODO: implement me
      	at nicebank.Steps.iRequest$(Steps.java:39)
      	at ✽.When I request $20(nicebank/cash_withdrawal.feature:4)
      ?[0m
    ?[36mThen ?[0m?[36m$?[0m?[36m?[1m20?[0m?[36m should be dispensed?[0m                            ?[90m# Steps.$ShouldBeDispensed(int)?[0m

1 Scenarios (?[33m1 pending?[0m)
3 Steps (?[36m1 skipped?[0m, ?[33m1 pending?[0m, ?[32m1 passed?[0m)
0m0.176s

cucumber.api.PendingException: TODO: implement me
	at nicebank.Steps.iRequest$(Steps.java:39)
	at ✽.When I request $20(nicebank/cash_withdrawal.feature:4)

]]></system-out>
  <system-err><![CDATA[]]></system-err>
</testsuite>
